<?xml version="1.0" encoding="UTF-8"?>
<testng-results skipped="0" failed="0" ignored="0" total="1" passed="1">
  <reporter-output>
  </reporter-output>
  <suite name="Default suite" duration-ms="103865" started-at="2020-11-11T06:40:20Z" finished-at="2020-11-11T06:42:04Z">
    <groups>
    </groups>
    <test name="Default test" duration-ms="103865" started-at="2020-11-11T06:40:20Z" finished-at="2020-11-11T06:42:04Z">
      <class name="rough.canbeused">
        <test-method status="PASS" signature="setUp(java.lang.String, java.lang.String)[pri:0, instance:rough.canbeused@72bdbfe9]" name="setUp" is-config="true" duration-ms="10606" started-at="2020-11-11T06:40:20Z" finished-at="2020-11-11T06:40:31Z">
          <params>
            <param index="0">
              <value>
                <![CDATA[CICD]]>
              </value>
            </param>
            <param index="1">
              <value>
                <![CDATA[]]>
              </value>
            </param>
          </params>
          <reporter-output>
          </reporter-output>
        </test-method> <!-- setUp -->
        <test-method status="PASS" signature="init()[pri:0, instance:rough.canbeused@72bdbfe9]" name="init" is-config="true" duration-ms="6716" started-at="2020-11-11T06:40:31Z" finished-at="2020-11-11T06:40:38Z">
          <reporter-output>
          </reporter-output>
        </test-method> <!-- init -->
        <test-method status="PASS" signature="logintoiquote()[pri:0, instance:rough.canbeused@72bdbfe9]" name="logintoiquote" is-config="true" duration-ms="3" started-at="2020-11-11T06:40:38Z" finished-at="2020-11-11T06:40:38Z">
          <reporter-output>
          </reporter-output>
        </test-method> <!-- logintoiquote -->
        <test-method status="PASS" signature="checkingconfig()[pri:0, instance:rough.canbeused@72bdbfe9]" name="checkingconfig" duration-ms="65105" started-at="2020-11-11T06:40:38Z" description="Validate the Critical Date for Paper" finished-at="2020-11-11T06:41:43Z">
          <reporter-output>
          </reporter-output>
        </test-method> <!-- checkingconfig -->
        <test-method status="PASS" signature="afterMethod(org.testng.ITestResult)[pri:0, instance:rough.canbeused@72bdbfe9]" name="afterMethod" is-config="true" duration-ms="3" started-at="2020-11-11T06:41:43Z" finished-at="2020-11-11T06:41:43Z">
          <params>
            <param index="0">
              <value>
                <![CDATA[[TestResult name=checkingconfig status=SUCCESS method=canbeused.checkingconfig()[pri:0, instance:rough.canbeused@72bdbfe9] output={null}]]]>
              </value>
            </param>
          </params>
          <reporter-output>
          </reporter-output>
        </test-method> <!-- afterMethod -->
        <test-method status="PASS" signature="tearDown()[pri:0, instance:rough.canbeused@72bdbfe9]" name="tearDown" is-config="true" duration-ms="21004" started-at="2020-11-11T06:41:43Z" finished-at="2020-11-11T06:42:04Z">
          <reporter-output>
          </reporter-output>
        </test-method> <!-- tearDown -->
      </class> <!-- rough.canbeused -->
    </test> <!-- Default test -->
  </suite> <!-- Default suite -->
</testng-results>
